<?xml version="1.0" encoding="UTF-8"?>
<!-- Generated by org.testng.reporters.JUnitXMLReporter -->
<testsuite hostname="LAPTOP-6Q5KS8MJ" ignored="0" name="Default test" tests="2" failures="0" timestamp="2021-04-23T11:41:53 IST" time="3.474" errors="0">
  <testcase name="@BeforeTest CheckBrowsers" time="-1.619158310137E9" classname="com.beepermd.base.Base">
    <failure type="org.testng.TestNGException" message="
Parameter &amp;apos;Browsers&amp;apos; is required by BeforeTest on method CheckBrowsers but has not been marked @Optional or defined
in C:\Users\Rajesh\AppData\Local\Temp\testng-eclipse-939909645\testng-customsuite.xml">
      <![CDATA[org.testng.TestNGException: 
Parameter 'Browsers' is required by BeforeTest on method CheckBrowsers but has not been marked @Optional or defined
in C:\Users\Rajesh\AppData\Local\Temp\testng-eclipse-939909645\testng-customsuite.xml
at org.testng.internal.Parameters.createParams(Parameters.java:289)
at org.testng.internal.Parameters.createParametersForMethod(Parameters.java:377)
at org.testng.internal.Parameters.createParameters(Parameters.java:721)
at org.testng.internal.Parameters.createConfigurationParameters(Parameters.java:164)
at org.testng.internal.ConfigInvoker.invokeConfigurations(ConfigInvoker.java:275)
at org.testng.TestRunner.invokeTestConfigurations(TestRunner.java:623)
at org.testng.TestRunner.beforeRun(TestRunner.java:613)
at org.testng.TestRunner.run(TestRunner.java:584)
at org.testng.SuiteRunner.runTest(SuiteRunner.java:402)
at org.testng.SuiteRunner.runSequentially(SuiteRunner.java:396)
at org.testng.SuiteRunner.privateRun(SuiteRunner.java:355)
at org.testng.SuiteRunner.run(SuiteRunner.java:304)
at org.testng.SuiteRunnerWorker.runSuite(SuiteRunnerWorker.java:53)
at org.testng.SuiteRunnerWorker.run(SuiteRunnerWorker.java:96)
at org.testng.TestNG.runSuitesSequentially(TestNG.java:1180)
at org.testng.TestNG.runSuitesLocally(TestNG.java:1102)
at org.testng.TestNG.runSuites(TestNG.java:1032)
at org.testng.TestNG.run(TestNG.java:1000)
at org.testng.remote.AbstractRemoteTestNG.run(AbstractRemoteTestNG.java:115)
at org.testng.remote.RemoteTestNG.initAndRun(RemoteTestNG.java:251)
at org.testng.remote.RemoteTestNG.main(RemoteTestNG.java:77)
]]>
    </failure>
  </testcase> <!-- @BeforeTest CheckBrowsers -->
  <testcase name="@AfterClass quit" time="-1.619158313602E9" classname="com.beepermd.base.Base">
    <skipped/>
  </testcase> <!-- @AfterClass quit -->
  <testcase name="scheduleYourTestNew" time="0.0" classname="com.beepermd.pages.BeeperMDAppointment3">
    <skipped/>
  </testcase> <!-- scheduleYourTestNew -->
  <testcase name="scheduleYourTestNew" time="0.0" classname="com.beepermd.pages.BeeperMDAppointment3">
    <skipped/>
  </testcase> <!-- scheduleYourTestNew -->
</testsuite> <!-- Default test -->
